<?xml version="1.0" encoding="UTF-8"?>
<!-- Generated by org.testng.reporters.JUnitReportReporter -->
<testsuite hostname="LAPTOP-JMNM4646" failures="0" tests="3" name="prachi_gupta.Data_Provider" time="27.879" errors="0" timestamp="2024-09-12T19:41:41 IST" skipped="0">
  <testcase classname="prachi_gupta.Data_Provider" name="login" time="10.261"/>
  <system-out/>
  <testcase classname="prachi_gupta.Data_Provider" name="login" time="8.939"/>
  <system-out/>
  <testcase classname="prachi_gupta.Data_Provider" name="login" time="8.679"/>
  <system-out/>
</testsuite> <!-- prachi_gupta.Data_Provider -->
