<?xml version="1.0" encoding="UTF-8"?>
<!-- Generated by org.testng.reporters.JUnitReportReporter -->
<testsuite hostname="LAPTOP-JMNM4646" failures="0" tests="2" name="testNG_code.Demo" time="0.005" errors="0" timestamp="2024-08-28T12:52:06 IST" skipped="0">
  <testcase classname="testNG_code.Demo" name="ish1" time="0.001"/>
  <system-out/>
  <testcase classname="testNG_code.Demo" name="ish" time="0.004"/>
  <system-out/>
</testsuite> <!-- testNG_code.Demo -->
