<?xml version="1.0" encoding="UTF-8"?>
<!-- Generated by org.testng.reporters.JUnitReportReporter -->
<testsuite hostname="LAPTOP-JMNM4646" failures="0" tests="1" name="extent_report.Log_events" time="4.761" errors="0" timestamp="2024-09-04T14:37:52 IST" skipped="0">
  <testcase classname="extent_report.Log_events" name="extentreport" time="4.761"/>
  <system-out/>
</testsuite> <!-- extent_report.Log_events -->
