<?xml version="1.0" encoding="UTF-8"?>
<!-- Generated by org.testng.reporters.JUnitReportReporter -->
<testsuite hostname="LAPTOP-JMNM4646" failures="0" tests="1" name="extent_report.Screenshot" time="3.891" errors="0" timestamp="2024-09-02T12:36:21 IST" skipped="0">
  <testcase classname="extent_report.Screenshot" name="teakescreenshot" time="3.891"/>
  <system-out/>
</testsuite> <!-- extent_report.Screenshot -->
