<?xml version="1.0" encoding="UTF-8"?>
<!-- Generated by org.testng.reporters.JUnitReportReporter -->
<testsuite hostname="LAPTOP-JMNM4646" failures="0" tests="1" name="prachi_gupta.Automobile" time="0.013" errors="0" timestamp="2024-09-12T14:55:14 IST" skipped="0">
  <testcase classname="prachi_gupta.Automobile" name="testcase1" time="0.013"/>
  <system-out/>
</testsuite> <!-- prachi_gupta.Automobile -->
