<?xml version="1.0" encoding="UTF-8"?>
<!-- Generated by org.testng.reporters.JUnitReportReporter -->
<testsuite hostname="LAPTOP-JMNM4646" failures="0" tests="1" name="omayo_blogspot.First" time="1.022" errors="1" timestamp="2024-09-14T15:58:29 IST" skipped="0">
  <testcase classname="omayo_blogspot.First" name="more" time="1.022">
    <error message="Method omayo_blogspot.First.more() didn&#039;t finish within the time-out 1000" type="org.testng.internal.thread.ThreadTimeoutException">
      <![CDATA[org.testng.internal.thread.ThreadTimeoutException: Method omayo_blogspot.First.more() didn't finish within the time-out 1000
at java.base@17.0.10/sun.security.util.math.intpoly.IntegerPolynomial$MutableElement.setDifference(IntegerPolynomial.java:726)
at java.base@17.0.10/sun.security.util.math.intpoly.IntegerPolynomial$MutableElement.setDifference(IntegerPolynomial.java:624)
at platform/jdk.crypto.ec@17.0.10/sun.security.ec.XECOperations.pointMultiply(XECOperations.java:242)
at platform/jdk.crypto.ec@17.0.10/sun.security.ec.XECOperations.computePublic(XECOperations.java:77)
at platform/jdk.crypto.ec@17.0.10/sun.security.ec.XDHKeyPairGenerator.generateKeyPair(XDHKeyPairGenerator.java:109)
at java.base@17.0.10/java.security.KeyPairGenerator$Delegate.generateKeyPair(KeyPairGenerator.java:727)
at java.base@17.0.10/sun.security.ssl.XDHKeyExchange$XDHEPossession.<init>(XDHKeyExchange.java:105)
at java.base@17.0.10/sun.security.ssl.NamedGroup$XDHScheme.createPossession(NamedGroup.java:611)
at java.base@17.0.10/sun.security.ssl.NamedGroup$NamedGroupSpec.createPossession(NamedGroup.java:520)
at java.base@17.0.10/sun.security.ssl.NamedGroup.createPossession(NamedGroup.java:428)
at java.base@17.0.10/sun.security.ssl.SSLKeyExchange$T13KeyAgreement.createPossession(SSLKeyExchange.java:588)
at java.base@17.0.10/sun.security.ssl.SSLKeyExchange.createPossessions(SSLKeyExchange.java:97)
at java.base@17.0.10/sun.security.ssl.KeyShareExtension$CHKeyShareProducer.getShare(KeyShareExtension.java:299)
at java.base@17.0.10/sun.security.ssl.KeyShareExtension$CHKeyShareProducer.produce(KeyShareExtension.java:261)
at java.base@17.0.10/sun.security.ssl.SSLExtension.produce(SSLExtension.java:599)
at java.base@17.0.10/sun.security.ssl.SSLExtensions.produce(SSLExtensions.java:265)
at java.base@17.0.10/sun.security.ssl.ClientHello$ClientHelloKickstartProducer.produce(ClientHello.java:638)
at java.base@17.0.10/sun.security.ssl.SSLHandshake.kickstart(SSLHandshake.java:529)
at java.base@17.0.10/sun.security.ssl.ClientHandshakeContext.kickstart(ClientHandshakeContext.java:112)
at java.base@17.0.10/sun.security.ssl.TransportContext.kickstart(TransportContext.java:258)
at java.base@17.0.10/sun.security.ssl.SSLSocketImpl.startHandshake(SSLSocketImpl.java:448)
at java.base@17.0.10/sun.security.ssl.SSLSocketImpl.startHandshake(SSLSocketImpl.java:426)
at app//org.apache.hc.client5.http.ssl.SSLConnectionSocketFactory.executeHandshake(SSLConnectionSocketFactory.java:303)
at app//org.apache.hc.client5.http.ssl.SSLConnectionSocketFactory.createLayeredSocket(SSLConnectionSocketFactory.java:275)
at app//org.apache.hc.client5.http.ssl.SSLConnectionSocketFactory.connectSocket(SSLConnectionSocketFactory.java:251)
at app//org.apache.hc.client5.http.impl.io.DefaultHttpClientConnectionOperator.connect(DefaultHttpClientConnectionOperator.java:181)
at app//org.apache.hc.client5.http.impl.io.PoolingHttpClientConnectionManager.connect(PoolingHttpClientConnectionManager.java:447)
at app//org.apache.hc.client5.http.impl.classic.InternalExecRuntime.connectEndpoint(InternalExecRuntime.java:162)
at app//org.apache.hc.client5.http.impl.classic.InternalExecRuntime.connectEndpoint(InternalExecRuntime.java:172)
at app//org.apache.hc.client5.http.impl.classic.ConnectExec.execute(ConnectExec.java:142)
at app//org.apache.hc.client5.http.impl.classic.ExecChainElement.execute(ExecChainElement.java:51)
at app//org.apache.hc.client5.http.impl.classic.ExecChainElement$$Lambda$195/0x00000008002090b8.proceed(Unknown Source)
at app//org.apache.hc.client5.http.impl.classic.ProtocolExec.execute(ProtocolExec.java:192)
at app//org.apache.hc.client5.http.impl.classic.ExecChainElement.execute(ExecChainElement.java:51)
at app//org.apache.hc.client5.http.impl.classic.ExecChainElement$$Lambda$195/0x00000008002090b8.proceed(Unknown Source)
at app//org.apache.hc.client5.http.impl.classic.HttpRequestRetryExec.execute(HttpRequestRetryExec.java:96)
at app//org.apache.hc.client5.http.impl.classic.ExecChainElement.execute(ExecChainElement.java:51)
at app//org.apache.hc.client5.http.impl.classic.ExecChainElement$$Lambda$195/0x00000008002090b8.proceed(Unknown Source)
at app//org.apache.hc.client5.http.impl.classic.ContentCompressionExec.execute(ContentCompressionExec.java:152)
at app//org.apache.hc.client5.http.impl.classic.ExecChainElement.execute(ExecChainElement.java:51)
at app//org.apache.hc.client5.http.impl.classic.ExecChainElement$$Lambda$195/0x00000008002090b8.proceed(Unknown Source)
at app//org.apache.hc.client5.http.impl.classic.RedirectExec.execute(RedirectExec.java:115)
at app//org.apache.hc.client5.http.impl.classic.ExecChainElement.execute(ExecChainElement.java:51)
at app//org.apache.hc.client5.http.impl.classic.InternalHttpClient.doExecute(InternalHttpClient.java:170)
at app//org.apache.hc.client5.http.impl.classic.CloseableHttpClient.execute(CloseableHttpClient.java:87)
at app//org.apache.hc.client5.http.impl.classic.CloseableHttpClient.execute(CloseableHttpClient.java:55)
at app//org.apache.hc.client5.http.classic.HttpClient.executeOpen(HttpClient.java:183)
at app//io.github.bonigarcia.wdm.online.HttpClient.execute(HttpClient.java:157)
at app//io.github.bonigarcia.wdm.versions.VersionDetector.getOnlineInputStream(VersionDetector.java:386)
at app//io.github.bonigarcia.wdm.versions.VersionDetector.getVersionsInputStream(VersionDetector.java:353)
at app//io.github.bonigarcia.wdm.versions.VersionDetector.getProperties(VersionDetector.java:331)
at app//io.github.bonigarcia.wdm.versions.VersionDetector.getBrowserVersionFromTheShell(VersionDetector.java:234)
at app//io.github.bonigarcia.wdm.WebDriverManager.getBrowserVersionFromTheShell(WebDriverManager.java:1334)
at app//io.github.bonigarcia.wdm.WebDriverManager.detectBrowserVersion(WebDriverManager.java:1354)
at app//io.github.bonigarcia.wdm.WebDriverManager.resolveDriverVersion(WebDriverManager.java:1205)
at app//io.github.bonigarcia.wdm.WebDriverManager.manage(WebDriverManager.java:1155)
at app//io.github.bonigarcia.wdm.WebDriverManager.setup(WebDriverManager.java:427)
at app//omayo_blogspot.First.more(First.java:26)
at java.base@17.0.10/jdk.internal.reflect.NativeMethodAccessorImpl.invoke0(Native Method)
at java.base@17.0.10/jdk.internal.reflect.NativeMethodAccessorImpl.invoke(NativeMethodAccessorImpl.java:77)
at java.base@17.0.10/jdk.internal.reflect.DelegatingMethodAccessorImpl.invoke(DelegatingMethodAccessorImpl.java:43)
at java.base@17.0.10/java.lang.reflect.Method.invoke(Method.java:568)
at app//org.testng.internal.invokers.MethodInvocationHelper.invokeMethod(MethodInvocationHelper.java:136)
at app//org.testng.internal.invokers.InvokeMethodRunnable.runOne(InvokeMethodRunnable.java:44)
at app//org.testng.internal.invokers.InvokeMethodRunnable.call(InvokeMethodRunnable.java:72)
at app//org.testng.internal.invokers.InvokeMethodRunnable.call(InvokeMethodRunnable.java:10)
at java.base@17.0.10/java.util.concurrent.FutureTask.run(FutureTask.java:264)
at java.base@17.0.10/java.util.concurrent.ThreadPoolExecutor.runWorker(ThreadPoolExecutor.java:1136)
at java.base@17.0.10/java.util.concurrent.ThreadPoolExecutor$Worker.run(ThreadPoolExecutor.java:635)
at java.base@17.0.10/java.lang.Thread.run(Thread.java:840)
]]>
    </error>
  </testcase> <!-- more -->
  <system-out/>
</testsuite> <!-- omayo_blogspot.First -->
