<?xml version="1.0" encoding="UTF-8"?>
<!-- Generated by org.testng.reporters.JUnitReportReporter -->
<testsuite hostname="LAPTOP-JMNM4646" failures="0" tests="6" name="testNG_code.Priority_enabled" time="0.020" errors="0" timestamp="2024-08-25T22:38:03 IST" skipped="1">
  <testcase classname="testNG_code.Priority_enabled" name="validLoginCredentials" time="0.013"/>
  <system-out/>
  <testcase classname="testNG_code.Priority_enabled" name="benificiary" time="0.002"/>
  <system-out/>
  <testcase classname="testNG_code.Priority_enabled" name="validatingBenificiary" time="0.002"/>
  <system-out/>
  <testcase classname="testNG_code.Priority_enabled" name="logout" time="0.002"/>
  <system-out/>
  <testcase classname="testNG_code.Priority_enabled" name="home" time="0.001"/>
  <system-out/>
  <testcase classname="testNG_code.Priority_enabled" name="registerUser">
    <skipped/>
  </testcase> <!-- registerUser -->
  <system-out/>
</testsuite> <!-- testNG_code.Priority_enabled -->
