<?xml version="1.0" encoding="UTF-8"?>
<!-- Generated by org.testng.reporters.JUnitReportReporter -->
<testsuite hostname="LAPTOP-JMNM4646" failures="0" tests="1" name="log4j2.Demo" time="5.385" errors="0" timestamp="2024-09-12T13:05:20 IST" skipped="0">
  <testcase classname="log4j2.Demo" name="login" time="5.385"/>
  <system-out/>
</testsuite> <!-- log4j2.Demo -->
