<?xml version="1.0" encoding="UTF-8"?>
<!-- Generated by org.testng.reporters.JUnitReportReporter -->
<testsuite hostname="LAPTOP-JMNM4646" failures="0" tests="1" name="testNG_code.Always" time="0.003" errors="0" timestamp="2024-08-28T10:47:20 IST" skipped="0">
  <testcase classname="testNG_code.Always" name="steady" time="0.003"/>
  <system-out/>
</testsuite> <!-- testNG_code.Always -->
