<?xml version="1.0" encoding="UTF-8"?>
<!-- Generated by org.testng.reporters.JUnitReportReporter -->
<testsuite hostname="LAPTOP-JMNM4646" failures="0" tests="1" name="prachi_gupta.Parallel_Execution2" time="6.185" errors="0" timestamp="2024-09-12T22:04:05 IST" skipped="0">
  <testcase classname="prachi_gupta.Parallel_Execution2" name="fir" time="6.185"/>
  <system-out/>
</testsuite> <!-- prachi_gupta.Parallel_Execution2 -->
