<?xml version="1.0" encoding="UTF-8"?>
<!-- Generated by org.testng.reporters.JUnitReportReporter -->
<testsuite hostname="LAPTOP-JMNM4646" failures="0" tests="1" name="SELE.Upload_file" time="8.812" errors="0" timestamp="2024-09-13T16:27:56 IST" skipped="0">
  <testcase classname="SELE.Upload_file" name="file" time="8.812"/>
  <system-out/>
</testsuite> <!-- SELE.Upload_file -->
