<?xml version="1.0" encoding="UTF-8"?>
<!-- Generated by org.testng.reporters.JUnitReportReporter -->
<testsuite hostname="LAPTOP-JMNM4646" failures="0" tests="2" name="prachi_gupta.Parallel_execution" time="11.104" errors="0" timestamp="2024-09-12T22:04:05 IST" skipped="0">
  <testcase classname="prachi_gupta.Parallel_execution" name="verifylogo" time="6.735"/>
  <system-out/>
  <testcase classname="prachi_gupta.Parallel_execution" name="verifytitle" time="4.369"/>
  <system-out/>
</testsuite> <!-- prachi_gupta.Parallel_execution -->
