<?xml version="1.0" encoding="UTF-8"?>
<!-- Generated by org.testng.reporters.JUnitReportReporter -->
<testsuite hostname="LAPTOP-JMNM4646" failures="0" tests="1" name="extent_report.First" time="4.794" errors="0" timestamp="2024-09-02T13:48:30 IST" skipped="0">
  <testcase classname="extent_report.First" name="extentreport" time="4.794"/>
  <system-out/>
</testsuite> <!-- extent_report.First -->
