<?xml version="1.0" encoding="UTF-8"?>
<!-- Generated by org.testng.reporters.JUnitReportReporter -->
<testsuite hostname="LAPTOP-JMNM4646" failures="0" tests="1" name="extent_report.Second" time="1.041" errors="0" timestamp="2024-09-02T09:53:41 IST" skipped="0">
  <testcase classname="extent_report.Second" name="extentreport" time="1.041"/>
  <system-out/>
</testsuite> <!-- extent_report.Second -->
