<?xml version="1.0" encoding="UTF-8"?>
<!-- Generated by org.testng.reporters.JUnitReportReporter -->
<testsuite hostname="LAPTOP-JMNM4646" failures="0" tests="2" name="prachi_gupta.Practise" time="7.739" errors="0" timestamp="2024-09-15T14:38:28 IST" skipped="0">
  <testcase classname="prachi_gupta.Practise" name="launch" time="5.248"/>
  <system-out/>
  <testcase classname="prachi_gupta.Practise" name="launch" time="2.491"/>
  <system-out/>
</testsuite> <!-- prachi_gupta.Practise -->
