<?xml version="1.0" encoding="UTF-8"?>
<!-- Generated by org.testng.reporters.JUnitReportReporter -->
<testsuite hostname="LAPTOP-JMNM4646" failures="0" tests="1" name="testNG_code.NewTest" time="0.007" errors="0" timestamp="2024-08-15T23:03:43 IST" skipped="0">
  <testcase classname="testNG_code.NewTest" name="testcase" time="0.007"/>
  <system-out/>
</testsuite> <!-- testNG_code.NewTest -->
