<?xml version="1.0" encoding="UTF-8"?>
<!-- Generated by org.testng.reporters.JUnitReportReporter -->
<testsuite hostname="LAPTOP-JMNM4646" failures="0" tests="1" name="prachi_gupta.TestNG_Attributes" time="0.012" errors="0" timestamp="2024-09-10T10:47:54 IST" skipped="0">
  <testcase classname="prachi_gupta.TestNG_Attributes" name="testcase1" time="0.012"/>
  <system-out/>
</testsuite> <!-- prachi_gupta.TestNG_Attributes -->
