<?xml version="1.0" encoding="UTF-8"?>
<!-- Generated by org.testng.reporters.JUnitReportReporter -->
<testsuite hostname="LAPTOP-JMNM4646" failures="0" tests="1" name="prachi_gupta.TestNG_XML" time="0.011" errors="0" timestamp="2024-09-10T07:12:26 IST" skipped="0">
  <testcase classname="prachi_gupta.TestNG_XML" name="test1" time="0.011"/>
  <system-out/>
</testsuite> <!-- prachi_gupta.TestNG_XML -->
