<?xml version="1.0" encoding="UTF-8"?>
<!-- Generated by org.testng.reporters.JUnitReportReporter -->
<testsuite hostname="LAPTOP-JMNM4646" failures="0" tests="2" name="testNG_code.Demo2" time="0.001" errors="0" timestamp="2024-08-28T12:52:06 IST" skipped="0">
  <testcase classname="testNG_code.Demo2" name="ish3" time="0.001"/>
  <system-out/>
  <testcase classname="testNG_code.Demo2" name="ish2" time="0.000"/>
  <system-out/>
</testsuite> <!-- testNG_code.Demo2 -->
