<?xml version="1.0" encoding="UTF-8"?>
<!-- Generated by org.testng.reporters.JUnitReportReporter -->
<testsuite hostname="LAPTOP-JMNM4646" failures="0" tests="2" name="prachi_gupta.Testcase_2" time="0.010" errors="0" timestamp="2024-09-10T10:34:21 IST" skipped="0">
  <testcase classname="prachi_gupta.Testcase_2" name="test3" time="0.008"/>
  <system-out/>
  <testcase classname="prachi_gupta.Testcase_2" name="test4" time="0.002"/>
  <system-out/>
</testsuite> <!-- prachi_gupta.Testcase_2 -->
