<?xml version="1.0" encoding="UTF-8"?>
<!-- Generated by org.testng.reporters.JUnitReportReporter -->
<testsuite hostname="LAPTOP-JMNM4646" failures="0" tests="2" name="testNG_code.BM_T_AMTest" time="0.017" errors="0" timestamp="2024-08-25T22:06:19 IST" skipped="0">
  <testcase classname="testNG_code.BM_T_AMTest" name="userLogin" time="0.015"/>
  <system-out/>
  <testcase classname="testNG_code.BM_T_AMTest" name="userMoneyControl" time="0.002"/>
  <system-out/>
</testsuite> <!-- testNG_code.BM_T_AMTest -->
