<?xml version="1.0" encoding="UTF-8"?>
<!-- Generated by org.testng.reporters.JUnitReportReporter -->
<testsuite hostname="LAPTOP-JMNM4646" failures="0" tests="4" name="prachi_gupta.Loan_departement" time="0.015" errors="0" timestamp="2024-09-10T09:50:52 IST" skipped="1">
  <testcase classname="prachi_gupta.Loan_departement" name="auto_web" time="0.002"/>
  <system-out/>
  <testcase classname="prachi_gupta.Loan_departement" name="auto_mobile" time="0.001"/>
  <system-out/>
  <testcase classname="prachi_gupta.Loan_departement" name="auto_API" time="0.012"/>
  <system-out/>
  <testcase classname="prachi_gupta.Loan_departement" name="personal_mobile">
    <skipped/>
  </testcase> <!-- personal_mobile -->
  <system-out/>
</testsuite> <!-- prachi_gupta.Loan_departement -->
