<?xml version="1.0" encoding="UTF-8"?>
<!-- Generated by org.testng.reporters.JUnitReportReporter -->
<testsuite hostname="LAPTOP-JMNM4646" failures="0" tests="6" name="prachi_gupta.Loan_departement" time="0.015" errors="0" timestamp="2024-09-15T16:47:06 IST" skipped="1">
  <testcase classname="prachi_gupta.Loan_departement" name="auto_mobile" time="0.000"/>
  <system-out/>
  <testcase classname="prachi_gupta.Loan_departement" name="personal_API" time="0.000"/>
  <system-out/>
  <testcase classname="prachi_gupta.Loan_departement" name="personal_web" time="0.000"/>
  <system-out/>
  <testcase classname="prachi_gupta.Loan_departement" name="auto_web" time="0.000"/>
  <system-out/>
  <testcase classname="prachi_gupta.Loan_departement" name="auto_API" time="0.015"/>
  <system-out/>
  <testcase classname="prachi_gupta.Loan_departement" name="personal_mobile">
    <skipped/>
  </testcase> <!-- personal_mobile -->
  <system-out/>
</testsuite> <!-- prachi_gupta.Loan_departement -->
