<?xml version="1.0" encoding="UTF-8"?>
<!-- Generated by org.testng.reporters.JUnitReportReporter -->
<testsuite hostname="LAPTOP-JMNM4646" failures="0" tests="1" name="prachi_gupta.TestNG_demo" time="3.761" errors="0" timestamp="2024-09-15T16:19:47 IST" skipped="0">
  <testcase classname="prachi_gupta.TestNG_demo" name="verify" time="3.761"/>
  <system-out/>
</testsuite> <!-- prachi_gupta.TestNG_demo -->
