<?xml version="1.0" encoding="UTF-8"?>
<!-- Generated by org.testng.reporters.JUnitReportReporter -->
<testsuite hostname="LAPTOP-JMNM4646" failures="0" tests="1" name="prachi_gupta.GoogleLaunchTest" time="3.525" errors="0" timestamp="2024-09-15T16:44:21 IST" skipped="0">
  <testcase classname="prachi_gupta.GoogleLaunchTest" name="verify" time="3.525"/>
  <system-out/>
</testsuite> <!-- prachi_gupta.GoogleLaunchTest -->
